<?xml version="1.0" encoding="UTF-8"?>
<!-- Generated by org.testng.reporters.JUnitReportReporter -->
<testsuite skipped="0" hostname="KausikRoy" name="test.NewAccountTest" tests="1" failures="0" timestamp="2020-02-25T13:05:52 CST" time="39.580" errors="0">
  <testcase name="OpenANewAccount" time="39.580" classname="test.NewAccountTest"/>
</testsuite> <!-- test.NewAccountTest -->
